e:\robomaster\tjut-robomaster-2019\tjut-rm-firmware-2019\vs2017\tjut-rm-firmware-2019\visualgdb\debug\adc.o
e:\robomaster\tjut-robomaster-2019\tjut-rm-firmware-2019\vs2017\tjut-rm-firmware-2019\visualgdb\debug\bsp_can.o
e:\robomaster\tjut-robomaster-2019\tjut-rm-firmware-2019\vs2017\tjut-rm-firmware-2019\visualgdb\debug\bsp_imu.o
e:\robomaster\tjut-robomaster-2019\tjut-rm-firmware-2019\vs2017\tjut-rm-firmware-2019\visualgdb\debug\bsp_uart.o
e:\robomaster\tjut-robomaster-2019\tjut-rm-firmware-2019\vs2017\tjut-rm-firmware-2019\visualgdb\debug\can.o
e:\robomaster\tjut-robomaster-2019\tjut-rm-firmware-2019\vs2017\tjut-rm-firmware-2019\visualgdb\debug\chassistask.o
e:\robomaster\tjut-robomaster-2019\tjut-rm-firmware-2019\vs2017\tjut-rm-firmware-2019\visualgdb\debug\cmsis_os.o
e:\robomaster\tjut-robomaster-2019\tjut-rm-firmware-2019\vs2017\tjut-rm-firmware-2019\visualgdb\debug\commontask.o
e:\robomaster\tjut-robomaster-2019\tjut-rm-firmware-2019\vs2017\tjut-rm-firmware-2019\visualgdb\debug\crc.o
e:\robomaster\tjut-robomaster-2019\tjut-rm-firmware-2019\vs2017\tjut-rm-firmware-2019\visualgdb\debug\croutine.o
e:\robomaster\tjut-robomaster-2019\tjut-rm-firmware-2019\vs2017\tjut-rm-firmware-2019\visualgdb\debug\display.o
e:\robomaster\tjut-robomaster-2019\tjut-rm-firmware-2019\vs2017\tjut-rm-firmware-2019\visualgdb\debug\dma.o
e:\robomaster\tjut-robomaster-2019\tjut-rm-firmware-2019\vs2017\tjut-rm-firmware-2019\visualgdb\debug\event_groups.o
e:\robomaster\tjut-robomaster-2019\tjut-rm-firmware-2019\vs2017\tjut-rm-firmware-2019\visualgdb\debug\freertos.o
e:\robomaster\tjut-robomaster-2019\tjut-rm-firmware-2019\vs2017\tjut-rm-firmware-2019\visualgdb\debug\gimbaltask.o
e:\robomaster\tjut-robomaster-2019\tjut-rm-firmware-2019\vs2017\tjut-rm-firmware-2019\visualgdb\debug\gpio.o
e:\robomaster\tjut-robomaster-2019\tjut-rm-firmware-2019\vs2017\tjut-rm-firmware-2019\visualgdb\debug\heap_4.o
e:\robomaster\tjut-robomaster-2019\tjut-rm-firmware-2019\vs2017\tjut-rm-firmware-2019\visualgdb\debug\key.o
e:\robomaster\tjut-robomaster-2019\tjut-rm-firmware-2019\vs2017\tjut-rm-firmware-2019\visualgdb\debug\list.o
e:\robomaster\tjut-robomaster-2019\tjut-rm-firmware-2019\vs2017\tjut-rm-firmware-2019\visualgdb\debug\main.o
e:\robomaster\tjut-robomaster-2019\tjut-rm-firmware-2019\vs2017\tjut-rm-firmware-2019\visualgdb\debug\oled.o
e:\robomaster\tjut-robomaster-2019\tjut-rm-firmware-2019\vs2017\tjut-rm-firmware-2019\visualgdb\debug\pid.o
e:\robomaster\tjut-robomaster-2019\tjut-rm-firmware-2019\vs2017\tjut-rm-firmware-2019\visualgdb\debug\port.o
e:\robomaster\tjut-robomaster-2019\tjut-rm-firmware-2019\vs2017\tjut-rm-firmware-2019\visualgdb\debug\queue.o
e:\robomaster\tjut-robomaster-2019\tjut-rm-firmware-2019\vs2017\tjut-rm-firmware-2019\visualgdb\debug\referee.o
e:\robomaster\tjut-robomaster-2019\tjut-rm-firmware-2019\vs2017\tjut-rm-firmware-2019\visualgdb\debug\shoottask.o
e:\robomaster\tjut-robomaster-2019\tjut-rm-firmware-2019\vs2017\tjut-rm-firmware-2019\visualgdb\debug\spi.o
e:\robomaster\tjut-robomaster-2019\tjut-rm-firmware-2019\vs2017\tjut-rm-firmware-2019\visualgdb\debug\startup_stm32f427xx.o
e:\robomaster\tjut-robomaster-2019\tjut-rm-firmware-2019\vs2017\tjut-rm-firmware-2019\visualgdb\debug\stm32f4xx_hal.o
e:\robomaster\tjut-robomaster-2019\tjut-rm-firmware-2019\vs2017\tjut-rm-firmware-2019\visualgdb\debug\stm32f4xx_hal_adc.o
e:\robomaster\tjut-robomaster-2019\tjut-rm-firmware-2019\vs2017\tjut-rm-firmware-2019\visualgdb\debug\stm32f4xx_hal_adc_ex.o
e:\robomaster\tjut-robomaster-2019\tjut-rm-firmware-2019\vs2017\tjut-rm-firmware-2019\visualgdb\debug\stm32f4xx_hal_can.o
e:\robomaster\tjut-robomaster-2019\tjut-rm-firmware-2019\vs2017\tjut-rm-firmware-2019\visualgdb\debug\stm32f4xx_hal_cortex.o
e:\robomaster\tjut-robomaster-2019\tjut-rm-firmware-2019\vs2017\tjut-rm-firmware-2019\visualgdb\debug\stm32f4xx_hal_dma.o
e:\robomaster\tjut-robomaster-2019\tjut-rm-firmware-2019\vs2017\tjut-rm-firmware-2019\visualgdb\debug\stm32f4xx_hal_dma_ex.o
e:\robomaster\tjut-robomaster-2019\tjut-rm-firmware-2019\vs2017\tjut-rm-firmware-2019\visualgdb\debug\stm32f4xx_hal_flash.o
e:\robomaster\tjut-robomaster-2019\tjut-rm-firmware-2019\vs2017\tjut-rm-firmware-2019\visualgdb\debug\stm32f4xx_hal_flash_ex.o
e:\robomaster\tjut-robomaster-2019\tjut-rm-firmware-2019\vs2017\tjut-rm-firmware-2019\visualgdb\debug\stm32f4xx_hal_flash_ramfunc.o
e:\robomaster\tjut-robomaster-2019\tjut-rm-firmware-2019\vs2017\tjut-rm-firmware-2019\visualgdb\debug\stm32f4xx_hal_gpio.o
e:\robomaster\tjut-robomaster-2019\tjut-rm-firmware-2019\vs2017\tjut-rm-firmware-2019\visualgdb\debug\stm32f4xx_hal_msp.o
e:\robomaster\tjut-robomaster-2019\tjut-rm-firmware-2019\vs2017\tjut-rm-firmware-2019\visualgdb\debug\stm32f4xx_hal_pwr.o
e:\robomaster\tjut-robomaster-2019\tjut-rm-firmware-2019\vs2017\tjut-rm-firmware-2019\visualgdb\debug\stm32f4xx_hal_pwr_ex.o
e:\robomaster\tjut-robomaster-2019\tjut-rm-firmware-2019\vs2017\tjut-rm-firmware-2019\visualgdb\debug\stm32f4xx_hal_rcc.o
e:\robomaster\tjut-robomaster-2019\tjut-rm-firmware-2019\vs2017\tjut-rm-firmware-2019\visualgdb\debug\stm32f4xx_hal_rcc_ex.o
e:\robomaster\tjut-robomaster-2019\tjut-rm-firmware-2019\vs2017\tjut-rm-firmware-2019\visualgdb\debug\stm32f4xx_hal_spi.o
e:\robomaster\tjut-robomaster-2019\tjut-rm-firmware-2019\vs2017\tjut-rm-firmware-2019\visualgdb\debug\stm32f4xx_hal_tim.o
e:\robomaster\tjut-robomaster-2019\tjut-rm-firmware-2019\vs2017\tjut-rm-firmware-2019\visualgdb\debug\stm32f4xx_hal_timebase_tim.o
e:\robomaster\tjut-robomaster-2019\tjut-rm-firmware-2019\vs2017\tjut-rm-firmware-2019\visualgdb\debug\stm32f4xx_hal_tim_ex.o
e:\robomaster\tjut-robomaster-2019\tjut-rm-firmware-2019\vs2017\tjut-rm-firmware-2019\visualgdb\debug\stm32f4xx_hal_uart.o
e:\robomaster\tjut-robomaster-2019\tjut-rm-firmware-2019\vs2017\tjut-rm-firmware-2019\visualgdb\debug\stm32f4xx_it.o
e:\robomaster\tjut-robomaster-2019\tjut-rm-firmware-2019\vs2017\tjut-rm-firmware-2019\visualgdb\debug\sysinit.o
e:\robomaster\tjut-robomaster-2019\tjut-rm-firmware-2019\vs2017\tjut-rm-firmware-2019\visualgdb\debug\system_stm32f4xx.o
e:\robomaster\tjut-robomaster-2019\tjut-rm-firmware-2019\vs2017\tjut-rm-firmware-2019\visualgdb\debug\tasks.o
e:\robomaster\tjut-robomaster-2019\tjut-rm-firmware-2019\vs2017\tjut-rm-firmware-2019\visualgdb\debug\tim.o
e:\robomaster\tjut-robomaster-2019\tjut-rm-firmware-2019\vs2017\tjut-rm-firmware-2019\visualgdb\debug\timers.o
e:\robomaster\tjut-robomaster-2019\tjut-rm-firmware-2019\vs2017\tjut-rm-firmware-2019\visualgdb\debug\usart.o
e:\robomaster\tjut-robomaster-2019\tjut-rm-firmware-2019\vs2017\tjut-rm-firmware-2019\visualgdb\debug\adc.dep
e:\robomaster\tjut-robomaster-2019\tjut-rm-firmware-2019\vs2017\tjut-rm-firmware-2019\visualgdb\debug\bsp_can.dep
e:\robomaster\tjut-robomaster-2019\tjut-rm-firmware-2019\vs2017\tjut-rm-firmware-2019\visualgdb\debug\bsp_imu.dep
e:\robomaster\tjut-robomaster-2019\tjut-rm-firmware-2019\vs2017\tjut-rm-firmware-2019\visualgdb\debug\bsp_uart.dep
e:\robomaster\tjut-robomaster-2019\tjut-rm-firmware-2019\vs2017\tjut-rm-firmware-2019\visualgdb\debug\can.dep
e:\robomaster\tjut-robomaster-2019\tjut-rm-firmware-2019\vs2017\tjut-rm-firmware-2019\visualgdb\debug\chassistask.dep
e:\robomaster\tjut-robomaster-2019\tjut-rm-firmware-2019\vs2017\tjut-rm-firmware-2019\visualgdb\debug\cmsis_os.dep
e:\robomaster\tjut-robomaster-2019\tjut-rm-firmware-2019\vs2017\tjut-rm-firmware-2019\visualgdb\debug\commontask.dep
e:\robomaster\tjut-robomaster-2019\tjut-rm-firmware-2019\vs2017\tjut-rm-firmware-2019\visualgdb\debug\crc.dep
e:\robomaster\tjut-robomaster-2019\tjut-rm-firmware-2019\vs2017\tjut-rm-firmware-2019\visualgdb\debug\croutine.dep
e:\robomaster\tjut-robomaster-2019\tjut-rm-firmware-2019\vs2017\tjut-rm-firmware-2019\visualgdb\debug\display.dep
e:\robomaster\tjut-robomaster-2019\tjut-rm-firmware-2019\vs2017\tjut-rm-firmware-2019\visualgdb\debug\dma.dep
e:\robomaster\tjut-robomaster-2019\tjut-rm-firmware-2019\vs2017\tjut-rm-firmware-2019\visualgdb\debug\event_groups.dep
e:\robomaster\tjut-robomaster-2019\tjut-rm-firmware-2019\vs2017\tjut-rm-firmware-2019\visualgdb\debug\freertos.dep
e:\robomaster\tjut-robomaster-2019\tjut-rm-firmware-2019\vs2017\tjut-rm-firmware-2019\visualgdb\debug\gimbaltask.dep
e:\robomaster\tjut-robomaster-2019\tjut-rm-firmware-2019\vs2017\tjut-rm-firmware-2019\visualgdb\debug\gpio.dep
e:\robomaster\tjut-robomaster-2019\tjut-rm-firmware-2019\vs2017\tjut-rm-firmware-2019\visualgdb\debug\heap_4.dep
e:\robomaster\tjut-robomaster-2019\tjut-rm-firmware-2019\vs2017\tjut-rm-firmware-2019\visualgdb\debug\key.dep
e:\robomaster\tjut-robomaster-2019\tjut-rm-firmware-2019\vs2017\tjut-rm-firmware-2019\visualgdb\debug\list.dep
e:\robomaster\tjut-robomaster-2019\tjut-rm-firmware-2019\vs2017\tjut-rm-firmware-2019\visualgdb\debug\main.dep
e:\robomaster\tjut-robomaster-2019\tjut-rm-firmware-2019\vs2017\tjut-rm-firmware-2019\visualgdb\debug\oled.dep
e:\robomaster\tjut-robomaster-2019\tjut-rm-firmware-2019\vs2017\tjut-rm-firmware-2019\visualgdb\debug\pid.dep
e:\robomaster\tjut-robomaster-2019\tjut-rm-firmware-2019\vs2017\tjut-rm-firmware-2019\visualgdb\debug\port.dep
e:\robomaster\tjut-robomaster-2019\tjut-rm-firmware-2019\vs2017\tjut-rm-firmware-2019\visualgdb\debug\queue.dep
e:\robomaster\tjut-robomaster-2019\tjut-rm-firmware-2019\vs2017\tjut-rm-firmware-2019\visualgdb\debug\referee.dep
e:\robomaster\tjut-robomaster-2019\tjut-rm-firmware-2019\vs2017\tjut-rm-firmware-2019\visualgdb\debug\shoottask.dep
e:\robomaster\tjut-robomaster-2019\tjut-rm-firmware-2019\vs2017\tjut-rm-firmware-2019\visualgdb\debug\spi.dep
e:\robomaster\tjut-robomaster-2019\tjut-rm-firmware-2019\vs2017\tjut-rm-firmware-2019\visualgdb\debug\startup_stm32f427xx.dep
e:\robomaster\tjut-robomaster-2019\tjut-rm-firmware-2019\vs2017\tjut-rm-firmware-2019\visualgdb\debug\stm32f4xx_hal.dep
e:\robomaster\tjut-robomaster-2019\tjut-rm-firmware-2019\vs2017\tjut-rm-firmware-2019\visualgdb\debug\stm32f4xx_hal_adc.dep
e:\robomaster\tjut-robomaster-2019\tjut-rm-firmware-2019\vs2017\tjut-rm-firmware-2019\visualgdb\debug\stm32f4xx_hal_adc_ex.dep
e:\robomaster\tjut-robomaster-2019\tjut-rm-firmware-2019\vs2017\tjut-rm-firmware-2019\visualgdb\debug\stm32f4xx_hal_can.dep
e:\robomaster\tjut-robomaster-2019\tjut-rm-firmware-2019\vs2017\tjut-rm-firmware-2019\visualgdb\debug\stm32f4xx_hal_cortex.dep
e:\robomaster\tjut-robomaster-2019\tjut-rm-firmware-2019\vs2017\tjut-rm-firmware-2019\visualgdb\debug\stm32f4xx_hal_dma.dep
e:\robomaster\tjut-robomaster-2019\tjut-rm-firmware-2019\vs2017\tjut-rm-firmware-2019\visualgdb\debug\stm32f4xx_hal_dma_ex.dep
e:\robomaster\tjut-robomaster-2019\tjut-rm-firmware-2019\vs2017\tjut-rm-firmware-2019\visualgdb\debug\stm32f4xx_hal_flash.dep
e:\robomaster\tjut-robomaster-2019\tjut-rm-firmware-2019\vs2017\tjut-rm-firmware-2019\visualgdb\debug\stm32f4xx_hal_flash_ex.dep
e:\robomaster\tjut-robomaster-2019\tjut-rm-firmware-2019\vs2017\tjut-rm-firmware-2019\visualgdb\debug\stm32f4xx_hal_flash_ramfunc.dep
e:\robomaster\tjut-robomaster-2019\tjut-rm-firmware-2019\vs2017\tjut-rm-firmware-2019\visualgdb\debug\stm32f4xx_hal_gpio.dep
e:\robomaster\tjut-robomaster-2019\tjut-rm-firmware-2019\vs2017\tjut-rm-firmware-2019\visualgdb\debug\stm32f4xx_hal_msp.dep
e:\robomaster\tjut-robomaster-2019\tjut-rm-firmware-2019\vs2017\tjut-rm-firmware-2019\visualgdb\debug\stm32f4xx_hal_pwr.dep
e:\robomaster\tjut-robomaster-2019\tjut-rm-firmware-2019\vs2017\tjut-rm-firmware-2019\visualgdb\debug\stm32f4xx_hal_pwr_ex.dep
e:\robomaster\tjut-robomaster-2019\tjut-rm-firmware-2019\vs2017\tjut-rm-firmware-2019\visualgdb\debug\stm32f4xx_hal_rcc.dep
e:\robomaster\tjut-robomaster-2019\tjut-rm-firmware-2019\vs2017\tjut-rm-firmware-2019\visualgdb\debug\stm32f4xx_hal_rcc_ex.dep
e:\robomaster\tjut-robomaster-2019\tjut-rm-firmware-2019\vs2017\tjut-rm-firmware-2019\visualgdb\debug\stm32f4xx_hal_spi.dep
e:\robomaster\tjut-robomaster-2019\tjut-rm-firmware-2019\vs2017\tjut-rm-firmware-2019\visualgdb\debug\stm32f4xx_hal_tim.dep
e:\robomaster\tjut-robomaster-2019\tjut-rm-firmware-2019\vs2017\tjut-rm-firmware-2019\visualgdb\debug\stm32f4xx_hal_timebase_tim.dep
e:\robomaster\tjut-robomaster-2019\tjut-rm-firmware-2019\vs2017\tjut-rm-firmware-2019\visualgdb\debug\stm32f4xx_hal_tim_ex.dep
e:\robomaster\tjut-robomaster-2019\tjut-rm-firmware-2019\vs2017\tjut-rm-firmware-2019\visualgdb\debug\stm32f4xx_hal_uart.dep
e:\robomaster\tjut-robomaster-2019\tjut-rm-firmware-2019\vs2017\tjut-rm-firmware-2019\visualgdb\debug\stm32f4xx_it.dep
e:\robomaster\tjut-robomaster-2019\tjut-rm-firmware-2019\vs2017\tjut-rm-firmware-2019\visualgdb\debug\sysinit.dep
e:\robomaster\tjut-robomaster-2019\tjut-rm-firmware-2019\vs2017\tjut-rm-firmware-2019\visualgdb\debug\system_stm32f4xx.dep
e:\robomaster\tjut-robomaster-2019\tjut-rm-firmware-2019\vs2017\tjut-rm-firmware-2019\visualgdb\debug\tasks.dep
e:\robomaster\tjut-robomaster-2019\tjut-rm-firmware-2019\vs2017\tjut-rm-firmware-2019\visualgdb\debug\tim.dep
e:\robomaster\tjut-robomaster-2019\tjut-rm-firmware-2019\vs2017\tjut-rm-firmware-2019\visualgdb\debug\timers.dep
e:\robomaster\tjut-robomaster-2019\tjut-rm-firmware-2019\vs2017\tjut-rm-firmware-2019\visualgdb\debug\usart.dep
e:\robomaster\tjut-robomaster-2019\tjut-rm-firmware-2019\vs2017\tjut-rm-firmware-2019\visualgdb\debug\adc.gcc.rsp
e:\robomaster\tjut-robomaster-2019\tjut-rm-firmware-2019\vs2017\tjut-rm-firmware-2019\visualgdb\debug\bsp_can.gcc.rsp
e:\robomaster\tjut-robomaster-2019\tjut-rm-firmware-2019\vs2017\tjut-rm-firmware-2019\visualgdb\debug\bsp_imu.gcc.rsp
e:\robomaster\tjut-robomaster-2019\tjut-rm-firmware-2019\vs2017\tjut-rm-firmware-2019\visualgdb\debug\bsp_uart.gcc.rsp
e:\robomaster\tjut-robomaster-2019\tjut-rm-firmware-2019\vs2017\tjut-rm-firmware-2019\visualgdb\debug\can.gcc.rsp
e:\robomaster\tjut-robomaster-2019\tjut-rm-firmware-2019\vs2017\tjut-rm-firmware-2019\visualgdb\debug\chassistask.gcc.rsp
e:\robomaster\tjut-robomaster-2019\tjut-rm-firmware-2019\vs2017\tjut-rm-firmware-2019\visualgdb\debug\cmsis_os.gcc.rsp
e:\robomaster\tjut-robomaster-2019\tjut-rm-firmware-2019\vs2017\tjut-rm-firmware-2019\visualgdb\debug\commontask.gcc.rsp
e:\robomaster\tjut-robomaster-2019\tjut-rm-firmware-2019\vs2017\tjut-rm-firmware-2019\visualgdb\debug\crc.gcc.rsp
e:\robomaster\tjut-robomaster-2019\tjut-rm-firmware-2019\vs2017\tjut-rm-firmware-2019\visualgdb\debug\croutine.gcc.rsp
e:\robomaster\tjut-robomaster-2019\tjut-rm-firmware-2019\vs2017\tjut-rm-firmware-2019\visualgdb\debug\display.gcc.rsp
e:\robomaster\tjut-robomaster-2019\tjut-rm-firmware-2019\vs2017\tjut-rm-firmware-2019\visualgdb\debug\dma.gcc.rsp
e:\robomaster\tjut-robomaster-2019\tjut-rm-firmware-2019\vs2017\tjut-rm-firmware-2019\visualgdb\debug\event_groups.gcc.rsp
e:\robomaster\tjut-robomaster-2019\tjut-rm-firmware-2019\vs2017\tjut-rm-firmware-2019\visualgdb\debug\freertos.gcc.rsp
e:\robomaster\tjut-robomaster-2019\tjut-rm-firmware-2019\vs2017\tjut-rm-firmware-2019\visualgdb\debug\gimbaltask.gcc.rsp
e:\robomaster\tjut-robomaster-2019\tjut-rm-firmware-2019\vs2017\tjut-rm-firmware-2019\visualgdb\debug\gpio.gcc.rsp
e:\robomaster\tjut-robomaster-2019\tjut-rm-firmware-2019\vs2017\tjut-rm-firmware-2019\visualgdb\debug\heap_4.gcc.rsp
e:\robomaster\tjut-robomaster-2019\tjut-rm-firmware-2019\vs2017\tjut-rm-firmware-2019\visualgdb\debug\key.gcc.rsp
e:\robomaster\tjut-robomaster-2019\tjut-rm-firmware-2019\vs2017\tjut-rm-firmware-2019\visualgdb\debug\list.gcc.rsp
e:\robomaster\tjut-robomaster-2019\tjut-rm-firmware-2019\vs2017\tjut-rm-firmware-2019\visualgdb\debug\main.gcc.rsp
e:\robomaster\tjut-robomaster-2019\tjut-rm-firmware-2019\vs2017\tjut-rm-firmware-2019\visualgdb\debug\oled.gcc.rsp
e:\robomaster\tjut-robomaster-2019\tjut-rm-firmware-2019\vs2017\tjut-rm-firmware-2019\visualgdb\debug\pid.gcc.rsp
e:\robomaster\tjut-robomaster-2019\tjut-rm-firmware-2019\vs2017\tjut-rm-firmware-2019\visualgdb\debug\port.gcc.rsp
e:\robomaster\tjut-robomaster-2019\tjut-rm-firmware-2019\vs2017\tjut-rm-firmware-2019\visualgdb\debug\queue.gcc.rsp
e:\robomaster\tjut-robomaster-2019\tjut-rm-firmware-2019\vs2017\tjut-rm-firmware-2019\visualgdb\debug\referee.gcc.rsp
e:\robomaster\tjut-robomaster-2019\tjut-rm-firmware-2019\vs2017\tjut-rm-firmware-2019\visualgdb\debug\shoottask.gcc.rsp
e:\robomaster\tjut-robomaster-2019\tjut-rm-firmware-2019\vs2017\tjut-rm-firmware-2019\visualgdb\debug\spi.gcc.rsp
e:\robomaster\tjut-robomaster-2019\tjut-rm-firmware-2019\vs2017\tjut-rm-firmware-2019\visualgdb\debug\startup_stm32f427xx.gcc.rsp
e:\robomaster\tjut-robomaster-2019\tjut-rm-firmware-2019\vs2017\tjut-rm-firmware-2019\visualgdb\debug\stm32f4xx_hal.gcc.rsp
e:\robomaster\tjut-robomaster-2019\tjut-rm-firmware-2019\vs2017\tjut-rm-firmware-2019\visualgdb\debug\stm32f4xx_hal_adc.gcc.rsp
e:\robomaster\tjut-robomaster-2019\tjut-rm-firmware-2019\vs2017\tjut-rm-firmware-2019\visualgdb\debug\stm32f4xx_hal_adc_ex.gcc.rsp
e:\robomaster\tjut-robomaster-2019\tjut-rm-firmware-2019\vs2017\tjut-rm-firmware-2019\visualgdb\debug\stm32f4xx_hal_can.gcc.rsp
e:\robomaster\tjut-robomaster-2019\tjut-rm-firmware-2019\vs2017\tjut-rm-firmware-2019\visualgdb\debug\stm32f4xx_hal_cortex.gcc.rsp
e:\robomaster\tjut-robomaster-2019\tjut-rm-firmware-2019\vs2017\tjut-rm-firmware-2019\visualgdb\debug\stm32f4xx_hal_dma.gcc.rsp
e:\robomaster\tjut-robomaster-2019\tjut-rm-firmware-2019\vs2017\tjut-rm-firmware-2019\visualgdb\debug\stm32f4xx_hal_dma_ex.gcc.rsp
e:\robomaster\tjut-robomaster-2019\tjut-rm-firmware-2019\vs2017\tjut-rm-firmware-2019\visualgdb\debug\stm32f4xx_hal_flash.gcc.rsp
e:\robomaster\tjut-robomaster-2019\tjut-rm-firmware-2019\vs2017\tjut-rm-firmware-2019\visualgdb\debug\stm32f4xx_hal_flash_ex.gcc.rsp
e:\robomaster\tjut-robomaster-2019\tjut-rm-firmware-2019\vs2017\tjut-rm-firmware-2019\visualgdb\debug\stm32f4xx_hal_flash_ramfunc.gcc.rsp
e:\robomaster\tjut-robomaster-2019\tjut-rm-firmware-2019\vs2017\tjut-rm-firmware-2019\visualgdb\debug\stm32f4xx_hal_gpio.gcc.rsp
e:\robomaster\tjut-robomaster-2019\tjut-rm-firmware-2019\vs2017\tjut-rm-firmware-2019\visualgdb\debug\stm32f4xx_hal_msp.gcc.rsp
e:\robomaster\tjut-robomaster-2019\tjut-rm-firmware-2019\vs2017\tjut-rm-firmware-2019\visualgdb\debug\stm32f4xx_hal_pwr.gcc.rsp
e:\robomaster\tjut-robomaster-2019\tjut-rm-firmware-2019\vs2017\tjut-rm-firmware-2019\visualgdb\debug\stm32f4xx_hal_pwr_ex.gcc.rsp
e:\robomaster\tjut-robomaster-2019\tjut-rm-firmware-2019\vs2017\tjut-rm-firmware-2019\visualgdb\debug\stm32f4xx_hal_rcc.gcc.rsp
e:\robomaster\tjut-robomaster-2019\tjut-rm-firmware-2019\vs2017\tjut-rm-firmware-2019\visualgdb\debug\stm32f4xx_hal_rcc_ex.gcc.rsp
e:\robomaster\tjut-robomaster-2019\tjut-rm-firmware-2019\vs2017\tjut-rm-firmware-2019\visualgdb\debug\stm32f4xx_hal_spi.gcc.rsp
e:\robomaster\tjut-robomaster-2019\tjut-rm-firmware-2019\vs2017\tjut-rm-firmware-2019\visualgdb\debug\stm32f4xx_hal_tim.gcc.rsp
e:\robomaster\tjut-robomaster-2019\tjut-rm-firmware-2019\vs2017\tjut-rm-firmware-2019\visualgdb\debug\stm32f4xx_hal_timebase_tim.gcc.rsp
e:\robomaster\tjut-robomaster-2019\tjut-rm-firmware-2019\vs2017\tjut-rm-firmware-2019\visualgdb\debug\stm32f4xx_hal_tim_ex.gcc.rsp
e:\robomaster\tjut-robomaster-2019\tjut-rm-firmware-2019\vs2017\tjut-rm-firmware-2019\visualgdb\debug\stm32f4xx_hal_uart.gcc.rsp
e:\robomaster\tjut-robomaster-2019\tjut-rm-firmware-2019\vs2017\tjut-rm-firmware-2019\visualgdb\debug\stm32f4xx_it.gcc.rsp
e:\robomaster\tjut-robomaster-2019\tjut-rm-firmware-2019\vs2017\tjut-rm-firmware-2019\visualgdb\debug\sysinit.gcc.rsp
e:\robomaster\tjut-robomaster-2019\tjut-rm-firmware-2019\vs2017\tjut-rm-firmware-2019\visualgdb\debug\system_stm32f4xx.gcc.rsp
e:\robomaster\tjut-robomaster-2019\tjut-rm-firmware-2019\vs2017\tjut-rm-firmware-2019\visualgdb\debug\tasks.gcc.rsp
e:\robomaster\tjut-robomaster-2019\tjut-rm-firmware-2019\vs2017\tjut-rm-firmware-2019\visualgdb\debug\tim.gcc.rsp
e:\robomaster\tjut-robomaster-2019\tjut-rm-firmware-2019\vs2017\tjut-rm-firmware-2019\visualgdb\debug\timers.gcc.rsp
e:\robomaster\tjut-robomaster-2019\tjut-rm-firmware-2019\vs2017\tjut-rm-firmware-2019\visualgdb\debug\usart.gcc.rsp
e:\robomaster\tjut-robomaster-2019\tjut-rm-firmware-2019\vs2017\tjut-rm-firmware-2019\visualgdb\debug\tjut-rm-firmware-2019.alldeps
